Arguments: 
  /usr/local/bin/node /usr/local/bin/yarn start

PATH: 
  /usr/local/bin:/usr/bin:/bin:/usr/sbin:/sbin

Yarn version: 
  1.22.10

Node version: 
  12.16.1

Platform: 
  darwin x64

Trace: 
  SyntaxError: /Users/bw/Desktop/Final Project/package.json: Unexpected token { in JSON at position 126
      at JSON.parse (<anonymous>)
      at /usr/local/lib/node_modules/yarn/lib/cli.js:1625:59
      at Generator.next (<anonymous>)
      at step (/usr/local/lib/node_modules/yarn/lib/cli.js:310:30)
      at /usr/local/lib/node_modules/yarn/lib/cli.js:321:13

npm manifest: 
  {
    "start": "parcel src/index.html --out-dir docs",
  "build": "parcel build src/index.html --out-dir docs --public-url ./"
  }
  
  {
    "name": "firebase-parcel",
    "version": "1.0.0",
    "main": "index.html",
    "license": "MIT",
    "browserslist": [
      "defaults",
      "not IE 11",
      "maintained node versions"
    ],
    "scripts": {
      "start": "parcel index.html",
      "build": "parcel build index.html"
    },
    "devDependencies": {
      "chai": "^4.2.0",
      "esm": "^3.2.25",
      "jsdom-global": "^3.0.2",
      "mocha": "^8.2.1",
      "parcel-bundler": "^1.12.4",
      "sinon": "^9.2.4"
    },
    "dependencies": {
      "firebase": "^8.2.5",
      "pixi.js": "^5.3.7"
    }
  }

yarn manifest: 
  No manifest

Lockfile: 
  No lockfile
